#
# There is insufficient memory for the Java Runtime Environment to continue.
# Native memory allocation (malloc) failed to allocate 32744 bytes for ChunkPool::allocate
# Possible reasons:
#   The system is out of physical RAM or swap space
#   The process is running with CompressedOops enabled, and the Java Heap may be blocking the growth of the native heap
# Possible solutions:
#   Reduce memory load on the system
#   Increase physical memory or swap space
#   Check if swap backing store is full
#   Decrease Java heap size (-Xmx/-Xms)
#   Decrease number of Java threads
#   Decrease Java thread stack sizes (-Xss)
#   Set larger code cache with -XX:ReservedCodeCacheSize=
#   JVM is running with Unscaled Compressed Oops mode in which the Java heap is
#     placed in the first 4GB address space. The Java Heap base address is the
#     maximum limit for the native heap growth. Please use -XX:HeapBaseMinAddress
#     to set the Java Heap base and to place the Java Heap above 4GB virtual address.
# This output file may be truncated or incomplete.
#
#  Out of Memory Error (./open/src/hotspot/share/memory/arena.cpp:81), pid=17980, tid=24196
#
# JRE version: Java(TM) SE Runtime Environment 18.9 (11.0.16+11) (build 11.0.16+11-LTS-199)
# Java VM: Java HotSpot(TM) 64-Bit Server VM 18.9 (11.0.16+11-LTS-199, mixed mode, tiered, compressed oops, g1 gc, windows-amd64)
# No core dump will be written. Minidumps are not enabled by default on client versions of Windows
#

---------------  S U M M A R Y ------------

Command Line: -Xmx64m -Xms64m -Dorg.gradle.appname=gradlew org.gradle.wrapper.GradleWrapperMain app:installDebug -PreactNativeDevServerPort=8081

Host: Intel(R) Core(TM) i5-9300H CPU @ 2.40GHz, 8 cores, 15G,  Windows 11 , 64 bit Build 22621 (10.0.22621.885)
Time: Thu Nov 10 12:43:48 2022 Sri Lanka Standard Time elapsed time: 64.274246 seconds (0d 0h 1m 4s)

---------------  T H R E A D  ---------------

Current thread (0x000002c5e72de800):  JavaThread "main" [_thread_in_vm, id=24196, stack(0x000000f64ae00000,0x000000f64af00000)]

Stack: [0x000000f64ae00000,0x000000f64af00000]
Native frames: (J=compiled Java code, j=interpreted, Vv=VM code, C=native code)
V  [jvm.dll+0x62a3ea]
V  [jvm.dll+0x76418f]
V  [jvm.dll+0x765839]
V  [jvm.dll+0x765ec3]
V  [jvm.dll+0x23da98]
V  [jvm.dll+0xb2c7b]
V  [jvm.dll+0xb2fdc]
V  [jvm.dll+0x1bbc5f]
V  [jvm.dll+0x1bca55]
V  [jvm.dll+0x1bd534]
V  [jvm.dll+0x1b23f9]
V  [jvm.dll+0x5036dd]
V  [jvm.dll+0x6ffca9]
V  [jvm.dll+0x3dcb1f]
V  [jvm.dll+0x3e2d8b]
C  [java.dll+0x19c8]

Java frames: (J=compiled Java code, j=interpreted, Vv=VM code)
J 944  java.lang.ClassLoader.defineClass1(Ljava/lang/ClassLoader;Ljava/lang/String;[BIILjava/security/ProtectionDomain;Ljava/lang/String;)Ljava/lang/Class; java.base@11.0.16 (0 bytes) @ 0x000002c5f7d85cfb [0x000002c5f7d85c40+0x00000000000000bb]
J 913 c1 java.lang.ClassLoader.defineClass(Ljava/lang/String;[BIILjava/security/ProtectionDomain;)Ljava/lang/Class; java.base@11.0.16 (43 bytes) @ 0x000002c5f09b2544 [0x000002c5f09b2200+0x0000000000000344]
J 819 c1 java.net.URLClassLoader.defineClass(Ljava/lang/String;Ljdk/internal/loader/Resource;)Ljava/lang/Class; java.base@11.0.16 (224 bytes) @ 0x000002c5f0983244 [0x000002c5f0981080+0x00000000000021c4]
J 775 c1 java.net.URLClassLoader$1.run()Ljava/lang/Class; java.base@11.0.16 (81 bytes) @ 0x000002c5f09651bc [0x000002c5f0965040+0x000000000000017c]
J 774 c1 java.net.URLClassLoader$1.run()Ljava/lang/Object; java.base@11.0.16 (5 bytes) @ 0x000002c5f0964cc4 [0x000002c5f0964c40+0x0000000000000084]
v  ~StubRoutines::call_stub
J 592  java.security.AccessController.doPrivileged(Ljava/security/PrivilegedExceptionAction;Ljava/security/AccessControlContext;)Ljava/lang/Object; java.base@11.0.16 (0 bytes) @ 0x000002c5f7d5d826 [0x000002c5f7d5d7c0+0x0000000000000066]
J 671 c1 java.net.URLClassLoader.findClass(Ljava/lang/String;)Ljava/lang/Class; java.base@11.0.16 (47 bytes) @ 0x000002c5f0938594 [0x000002c5f0938400+0x0000000000000194]
J 576 c1 java.lang.ClassLoader.loadClass(Ljava/lang/String;Z)Ljava/lang/Class; java.base@11.0.16 (122 bytes) @ 0x000002c5f08f6efc [0x000002c5f08f6640+0x00000000000008bc]
J 561 c1 java.lang.ClassLoader.loadClass(Ljava/lang/String;)Ljava/lang/Class; java.base@11.0.16 (7 bytes) @ 0x000002c5f08f10bc [0x000002c5f08f0fc0+0x00000000000000fc]
v  ~StubRoutines::call_stub
j  org.gradle.launcher.daemon.client.DaemonClient.lambda$handleDaemonDisappearance$0(Ljava/io/File;)V+15
j  org.gradle.launcher.daemon.client.DaemonClient$$Lambda$86.accept(Ljava/lang/Object;)V+4
j  java.util.Optional.ifPresent(Ljava/util/function/Consumer;)V+12 java.base@11.0.16
j  org.gradle.launcher.daemon.client.DaemonClient.handleDaemonDisappearance(Lorg/gradle/launcher/daemon/protocol/Build;Lorg/gradle/launcher/daemon/diagnostics/DaemonDiagnostics;)Lorg/gradle/launcher/daemon/protocol/Result;+34
j  org.gradle.launcher.daemon.client.DaemonClient.monitorBuild(Lorg/gradle/launcher/daemon/protocol/Build;Lorg/gradle/launcher/daemon/diagnostics/DaemonDiagnostics;Lorg/gradle/internal/remote/internal/Connection;Lorg/gradle/initialization/BuildCancellationToken;Lorg/gradle/initialization/BuildEventConsumer;)Ljava/lang/Object;+111
j  org.gradle.launcher.daemon.client.DaemonClient.executeBuild(Lorg/gradle/launcher/daemon/protocol/Build;Lorg/gradle/launcher/daemon/client/DaemonClientConnection;Lorg/gradle/initialization/BuildCancellationToken;Lorg/gradle/initialization/BuildEventConsumer;)Lorg/gradle/launcher/exec/BuildActionResult;+128
j  org.gradle.launcher.daemon.client.DaemonClient.execute(Lorg/gradle/internal/invocation/BuildAction;Lorg/gradle/launcher/exec/BuildActionParameters;Lorg/gradle/initialization/BuildRequestContext;)Lorg/gradle/launcher/exec/BuildActionResult;+272
j  org.gradle.launcher.daemon.client.DaemonClient.execute(Lorg/gradle/internal/invocation/BuildAction;Ljava/lang/Object;Ljava/lang/Object;)Lorg/gradle/launcher/exec/BuildActionResult;+10
j  org.gradle.launcher.cli.RunBuildAction.run()V+74
j  org.gradle.internal.Actions$RunnableActionAdapter.execute(Ljava/lang/Object;)V+4
j  org.gradle.launcher.cli.DefaultCommandLineActionFactory$ParseAndBuildAction.execute(Lorg/gradle/launcher/bootstrap/ExecutionListener;)V+124
j  org.gradle.launcher.cli.DefaultCommandLineActionFactory$ParseAndBuildAction.execute(Ljava/lang/Object;)V+5
j  org.gradle.launcher.cli.DebugLoggerWarningAction.execute(Lorg/gradle/launcher/bootstrap/ExecutionListener;)V+9
j  org.gradle.launcher.cli.DebugLoggerWarningAction.execute(Ljava/lang/Object;)V+5
j  org.gradle.launcher.cli.WelcomeMessageAction.execute(Lorg/gradle/launcher/bootstrap/ExecutionListener;)V+211
j  org.gradle.launcher.cli.WelcomeMessageAction.execute(Ljava/lang/Object;)V+5
j  org.gradle.launcher.cli.NativeServicesInitializingAction.execute(Lorg/gradle/launcher/bootstrap/ExecutionListener;)V+35
j  org.gradle.launcher.cli.NativeServicesInitializingAction.execute(Ljava/lang/Object;)V+5
j  org.gradle.launcher.cli.ExceptionReportingAction.execute(Lorg/gradle/launcher/bootstrap/ExecutionListener;)V+5
j  org.gradle.launcher.cli.ExceptionReportingAction.execute(Ljava/lang/Object;)V+5
j  org.gradle.launcher.cli.DefaultCommandLineActionFactory$WithLogging.execute(Lorg/gradle/launcher/bootstrap/ExecutionListener;)V+257
j  org.gradle.launcher.Main.doAction([Ljava/lang/String;Lorg/gradle/launcher/bootstrap/ExecutionListener;)V+14
j  org.gradle.launcher.bootstrap.EntryPoint.run([Ljava/lang/String;)V+12
v  ~StubRoutines::call_stub
j  jdk.internal.reflect.NativeMethodAccessorImpl.invoke0(Ljava/lang/reflect/Method;Ljava/lang/Object;[Ljava/lang/Object;)Ljava/lang/Object;+0 java.base@11.0.16
j  jdk.internal.reflect.NativeMethodAccessorImpl.invoke(Ljava/lang/Object;[Ljava/lang/Object;)Ljava/lang/Object;+100 java.base@11.0.16
j  jdk.internal.reflect.DelegatingMethodAccessorImpl.invoke(Ljava/lang/Object;[Ljava/lang/Object;)Ljava/lang/Object;+6 java.base@11.0.16
j  java.lang.reflect.Method.invoke(Ljava/lang/Object;[Ljava/lang/Object;)Ljava/lang/Object;+59 java.base@11.0.16
j  org.gradle.launcher.bootstrap.ProcessBootstrap.runNoExit(Ljava/lang/String;[Ljava/lang/String;)V+161
j  org.gradle.launcher.bootstrap.ProcessBootstrap.run(Ljava/lang/String;[Ljava/lang/String;)V+3
j  org.gradle.launcher.GradleMain.main([Ljava/lang/String;)V+36
v  ~StubRoutines::call_stub
j  jdk.internal.reflect.NativeMethodAccessorImpl.invoke0(Ljava/lang/reflect/Method;Ljava/lang/Object;[Ljava/lang/Object;)Ljava/lang/Object;+0 java.base@11.0.16
j  jdk.internal.reflect.NativeMethodAccessorImpl.invoke(Ljava/lang/Object;[Ljava/lang/Object;)Ljava/lang/Object;+100 java.base@11.0.16
j  jdk.internal.reflect.DelegatingMethodAccessorImpl.invoke(Ljava/lang/Object;[Ljava/lang/Object;)Ljava/lang/Object;+6 java.base@11.0.16
j  java.lang.reflect.Method.invoke(Ljava/lang/Object;[Ljava/lang/Object;)Ljava/lang/Object;+59 java.base@11.0.16
j  org.gradle.wrapper.BootstrapMainStarter.start([Ljava/lang/String;Ljava/io/File;)V+105
j  org.gradle.wrapper.WrapperExecutor.execute([Ljava/lang/String;Lorg/gradle/wrapper/Install;Lorg/gradle/wrapper/BootstrapMainStarter;)V+14
j  org.gradle.wrapper.GradleWrapperMain.main([Ljava/lang/String;)V+190
v  ~StubRoutines::call_stub

---------------  P R O C E S S  ---------------

Threads class SMR info:
_java_thread_list=0x000002c5842e5070, length=13, elements={
0x000002c5e72de800, 0x000002c582a20000, 0x000002c582a29800, 0x000002c582a7f800,
0x000002c582a81000, 0x000002c582a84800, 0x000002c583394800, 0x000002c583396000,
0x000002c582a8d000, 0x000002c583511000, 0x000002c584492800, 0x000002c584273800,
0x000002c5849e6800
}

Java Threads: ( => current thread )
=>0x000002c5e72de800 JavaThread "main" [_thread_in_vm, id=24196, stack(0x000000f64ae00000,0x000000f64af00000)]
  0x000002c582a20000 JavaThread "Reference Handler" daemon [_thread_blocked, id=7712, stack(0x000000f64b500000,0x000000f64b600000)]
  0x000002c582a29800 JavaThread "Finalizer" daemon [_thread_blocked, id=24256, stack(0x000000f64b600000,0x000000f64b700000)]
  0x000002c582a7f800 JavaThread "Signal Dispatcher" daemon [_thread_blocked, id=17800, stack(0x000000f64b700000,0x000000f64b800000)]
  0x000002c582a81000 JavaThread "Attach Listener" daemon [_thread_blocked, id=23076, stack(0x000000f64b800000,0x000000f64b900000)]
  0x000002c582a84800 JavaThread "Service Thread" daemon [_thread_blocked, id=1732, stack(0x000000f64b900000,0x000000f64ba00000)]
  0x000002c583394800 JavaThread "C2 CompilerThread0" daemon [_thread_in_native, id=16244, stack(0x000000f64ba00000,0x000000f64bb00000)]
  0x000002c583396000 JavaThread "C1 CompilerThread0" daemon [_thread_in_native, id=18856, stack(0x000000f64bb00000,0x000000f64bc00000)]
  0x000002c582a8d000 JavaThread "Sweeper thread" daemon [_thread_blocked, id=26412, stack(0x000000f64bc00000,0x000000f64bd00000)]
  0x000002c583511000 JavaThread "Common-Cleaner" daemon [_thread_blocked, id=22716, stack(0x000000f64be00000,0x000000f64bf00000)]
  0x000002c584492800 JavaThread "pool-1-thread-1" [_thread_blocked, id=21900, stack(0x000000f64c200000,0x000000f64c300000)]
  0x000002c584273800 JavaThread "DisconnectableInputStream source reader" daemon [_thread_in_native, id=19540, stack(0x000000f64c000000,0x000000f64c100000)]
  0x000002c5849e6800 JavaThread "Forward input" [_thread_blocked, id=19536, stack(0x000000f64c300000,0x000000f64c400000)]

Other Threads:
  0x000002c5829fa800 VMThread "VM Thread" [stack: 0x000000f64b400000,0x000000f64b500000] [id=26052]
  0x000002c583510000 WatcherThread [stack: 0x000000f64bd00000,0x000000f64be00000] [id=20768]
  0x000002c5e7412000 GCTaskThread "GC Thread#0" [stack: 0x000000f64af00000,0x000000f64b000000] [id=9368]
  0x000002c584012000 GCTaskThread "GC Thread#1" [stack: 0x000000f64c100000,0x000000f64c200000] [id=25100]
  0x000002c584a44000 GCTaskThread "GC Thread#2" [stack: 0x000000f64c600000,0x000000f64c700000] [id=14884]
  0x000002c583919000 GCTaskThread "GC Thread#3" [stack: 0x000000f64c700000,0x000000f64c800000] [id=16008]
  0x000002c58391a000 GCTaskThread "GC Thread#4" [stack: 0x000000f64c800000,0x000000f64c900000] [id=14444]
  0x000002c583a0f000 GCTaskThread "GC Thread#5" [stack: 0x000000f64c900000,0x000000f64ca00000] [id=19732]
  0x000002c5e7419800 ConcurrentGCThread "G1 Main Marker" [stack: 0x000000f64b000000,0x000000f64b100000] [id=23900]
  0x000002c5e741b800 ConcurrentGCThread "G1 Conc#0" [stack: 0x000000f64b100000,0x000000f64b200000] [id=3444]
  0x000002c5e7484000 ConcurrentGCThread "G1 Refine#0" [stack: 0x000000f64b200000,0x000000f64b300000] [id=1988]
  0x000002c5e7489000 ConcurrentGCThread "G1 Young RemSet Sampling" [stack: 0x000000f64b300000,0x000000f64b400000] [id=8492]

Threads with active compile tasks:
C2 CompilerThread0    64300 1794 % !   4       java.io.BufferedReader::readLine @ 131 (304 bytes)
C1 CompilerThread0    64301 1802       3       jdk.internal.org.objectweb.asm.MethodWriter::visitMaxs (1144 bytes)

VM state:not at safepoint (normal execution)

VM Mutex/Monitor currently owned by a thread: None

Heap address: 0x00000000fc000000, size: 64 MB, Compressed Oops mode: 32-bit
Narrow klass base: 0x0000000000000000, Narrow klass shift: 3
Compressed class space size: 1073741824 Address: 0x0000000100000000

Heap:
 garbage-first heap   total 65536K, used 11539K [0x00000000fc000000, 0x0000000100000000)
  region size 1024K, 4 young (4096K), 2 survivors (2048K)
 Metaspace       used 16894K, capacity 17264K, committed 17536K, reserved 1064960K
  class space    used 1912K, capacity 2064K, committed 2176K, reserved 1048576K
Heap Regions: E=young(eden), S=young(survivor), O=old, HS=humongous(starts), HC=humongous(continues), CS=collection set, F=free, A=archive, TAMS=top-at-mark-start (previous, next)
|   0|0x00000000fc000000, 0x00000000fc100000, 0x00000000fc100000|100%| O|  |TAMS 0x00000000fc000000, 0x00000000fc000000| Untracked 
|   1|0x00000000fc100000, 0x00000000fc200000, 0x00000000fc200000|100%| O|  |TAMS 0x00000000fc100000, 0x00000000fc100000| Untracked 
|   2|0x00000000fc200000, 0x00000000fc238800, 0x00000000fc300000| 22%| O|  |TAMS 0x00000000fc200000, 0x00000000fc200000| Untracked 
|   3|0x00000000fc300000, 0x00000000fc400000, 0x00000000fc400000|100%|HS|  |TAMS 0x00000000fc300000, 0x00000000fc300000| Complete 
|   4|0x00000000fc400000, 0x00000000fc500000, 0x00000000fc500000|100%|HC|  |TAMS 0x00000000fc400000, 0x00000000fc400000| Complete 
|   5|0x00000000fc500000, 0x00000000fc600000, 0x00000000fc600000|100%|HC|  |TAMS 0x00000000fc500000, 0x00000000fc500000| Complete 
|   6|0x00000000fc600000, 0x00000000fc700000, 0x00000000fc700000|100%| O|  |TAMS 0x00000000fc600000, 0x00000000fc600000| Untracked 
|   7|0x00000000fc700000, 0x00000000fc800000, 0x00000000fc800000|100%| O|  |TAMS 0x00000000fc700000, 0x00000000fc700000| Untracked 
|   8|0x00000000fc800000, 0x00000000fc900000, 0x00000000fc900000|100%| O|  |TAMS 0x00000000fc800000, 0x00000000fc800000| Untracked 
|   9|0x00000000fc900000, 0x00000000fca00000, 0x00000000fca00000|100%| O|  |TAMS 0x00000000fc900000, 0x00000000fc900000| Untracked 
|  10|0x00000000fca00000, 0x00000000fca00000, 0x00000000fcb00000|  0%| F|  |TAMS 0x00000000fca00000, 0x00000000fca00000| Untracked 
|  11|0x00000000fcb00000, 0x00000000fcb00000, 0x00000000fcc00000|  0%| F|  |TAMS 0x00000000fcb00000, 0x00000000fcb00000| Untracked 
|  12|0x00000000fcc00000, 0x00000000fcc00000, 0x00000000fcd00000|  0%| F|  |TAMS 0x00000000fcc00000, 0x00000000fcc00000| Untracked 
|  13|0x00000000fcd00000, 0x00000000fcd00000, 0x00000000fce00000|  0%| F|  |TAMS 0x00000000fcd00000, 0x00000000fcd00000| Untracked 
|  14|0x00000000fce00000, 0x00000000fce00000, 0x00000000fcf00000|  0%| F|  |TAMS 0x00000000fce00000, 0x00000000fce00000| Untracked 
|  15|0x00000000fcf00000, 0x00000000fcf00000, 0x00000000fd000000|  0%| F|  |TAMS 0x00000000fcf00000, 0x00000000fcf00000| Untracked 
|  16|0x00000000fd000000, 0x00000000fd000000, 0x00000000fd100000|  0%| F|  |TAMS 0x00000000fd000000, 0x00000000fd000000| Untracked 
|  17|0x00000000fd100000, 0x00000000fd100000, 0x00000000fd200000|  0%| F|  |TAMS 0x00000000fd100000, 0x00000000fd100000| Untracked 
|  18|0x00000000fd200000, 0x00000000fd200000, 0x00000000fd300000|  0%| F|  |TAMS 0x00000000fd200000, 0x00000000fd200000| Untracked 
|  19|0x00000000fd300000, 0x00000000fd300000, 0x00000000fd400000|  0%| F|  |TAMS 0x00000000fd300000, 0x00000000fd300000| Untracked 
|  20|0x00000000fd400000, 0x00000000fd400000, 0x00000000fd500000|  0%| F|  |TAMS 0x00000000fd400000, 0x00000000fd400000| Untracked 
|  21|0x00000000fd500000, 0x00000000fd500000, 0x00000000fd600000|  0%| F|  |TAMS 0x00000000fd500000, 0x00000000fd500000| Untracked 
|  22|0x00000000fd600000, 0x00000000fd600000, 0x00000000fd700000|  0%| F|  |TAMS 0x00000000fd600000, 0x00000000fd600000| Untracked 
|  23|0x00000000fd700000, 0x00000000fd700000, 0x00000000fd800000|  0%| F|  |TAMS 0x00000000fd700000, 0x00000000fd700000| Untracked 
|  24|0x00000000fd800000, 0x00000000fd800000, 0x00000000fd900000|  0%| F|  |TAMS 0x00000000fd800000, 0x00000000fd800000| Untracked 
|  25|0x00000000fd900000, 0x00000000fd900000, 0x00000000fda00000|  0%| F|  |TAMS 0x00000000fd900000, 0x00000000fd900000| Untracked 
|  26|0x00000000fda00000, 0x00000000fda00000, 0x00000000fdb00000|  0%| F|  |TAMS 0x00000000fda00000, 0x00000000fda00000| Untracked 
|  27|0x00000000fdb00000, 0x00000000fdb00000, 0x00000000fdc00000|  0%| F|  |TAMS 0x00000000fdb00000, 0x00000000fdb00000| Untracked 
|  28|0x00000000fdc00000, 0x00000000fdc00000, 0x00000000fdd00000|  0%| F|  |TAMS 0x00000000fdc00000, 0x00000000fdc00000| Untracked 
|  29|0x00000000fdd00000, 0x00000000fdd00000, 0x00000000fde00000|  0%| F|  |TAMS 0x00000000fdd00000, 0x00000000fdd00000| Untracked 
|  30|0x00000000fde00000, 0x00000000fde00000, 0x00000000fdf00000|  0%| F|  |TAMS 0x00000000fde00000, 0x00000000fde00000| Untracked 
|  31|0x00000000fdf00000, 0x00000000fdf00000, 0x00000000fe000000|  0%| F|  |TAMS 0x00000000fdf00000, 0x00000000fdf00000| Untracked 
|  32|0x00000000fe000000, 0x00000000fe000000, 0x00000000fe100000|  0%| F|  |TAMS 0x00000000fe000000, 0x00000000fe000000| Untracked 
|  33|0x00000000fe100000, 0x00000000fe100000, 0x00000000fe200000|  0%| F|  |TAMS 0x00000000fe100000, 0x00000000fe100000| Untracked 
|  34|0x00000000fe200000, 0x00000000fe20c770, 0x00000000fe300000|  4%| S|CS|TAMS 0x00000000fe200000, 0x00000000fe200000| Complete 
|  35|0x00000000fe300000, 0x00000000fe400000, 0x00000000fe400000|100%| S|CS|TAMS 0x00000000fe300000, 0x00000000fe300000| Complete 
|  36|0x00000000fe400000, 0x00000000fe400000, 0x00000000fe500000|  0%| F|  |TAMS 0x00000000fe400000, 0x00000000fe400000| Untracked 
|  37|0x00000000fe500000, 0x00000000fe500000, 0x00000000fe600000|  0%| F|  |TAMS 0x00000000fe500000, 0x00000000fe500000| Untracked 
|  38|0x00000000fe600000, 0x00000000fe600000, 0x00000000fe700000|  0%| F|  |TAMS 0x00000000fe600000, 0x00000000fe600000| Untracked 
|  39|0x00000000fe700000, 0x00000000fe700000, 0x00000000fe800000|  0%| F|  |TAMS 0x00000000fe700000, 0x00000000fe700000| Untracked 
|  40|0x00000000fe800000, 0x00000000fe800000, 0x00000000fe900000|  0%| F|  |TAMS 0x00000000fe800000, 0x00000000fe800000| Untracked 
|  41|0x00000000fe900000, 0x00000000fe900000, 0x00000000fea00000|  0%| F|  |TAMS 0x00000000fe900000, 0x00000000fe900000| Untracked 
|  42|0x00000000fea00000, 0x00000000fea00000, 0x00000000feb00000|  0%| F|  |TAMS 0x00000000fea00000, 0x00000000fea00000| Untracked 
|  43|0x00000000feb00000, 0x00000000feb00000, 0x00000000fec00000|  0%| F|  |TAMS 0x00000000feb00000, 0x00000000feb00000| Untracked 
|  44|0x00000000fec00000, 0x00000000fec00000, 0x00000000fed00000|  0%| F|  |TAMS 0x00000000fec00000, 0x00000000fec00000| Untracked 
|  45|0x00000000fed00000, 0x00000000fed00000, 0x00000000fee00000|  0%| F|  |TAMS 0x00000000fed00000, 0x00000000fed00000| Untracked 
|  46|0x00000000fee00000, 0x00000000fee00000, 0x00000000fef00000|  0%| F|  |TAMS 0x00000000fee00000, 0x00000000fee00000| Untracked 
|  47|0x00000000fef00000, 0x00000000fef00000, 0x00000000ff000000|  0%| F|  |TAMS 0x00000000fef00000, 0x00000000fef00000| Untracked 
|  48|0x00000000ff000000, 0x00000000ff000000, 0x00000000ff100000|  0%| F|  |TAMS 0x00000000ff000000, 0x00000000ff000000| Untracked 
|  49|0x00000000ff100000, 0x00000000ff100000, 0x00000000ff200000|  0%| F|  |TAMS 0x00000000ff100000, 0x00000000ff100000| Untracked 
|  50|0x00000000ff200000, 0x00000000ff200000, 0x00000000ff300000|  0%| F|  |TAMS 0x00000000ff200000, 0x00000000ff200000| Untracked 
|  51|0x00000000ff300000, 0x00000000ff300000, 0x00000000ff400000|  0%| F|  |TAMS 0x00000000ff300000, 0x00000000ff300000| Untracked 
|  52|0x00000000ff400000, 0x00000000ff400000, 0x00000000ff500000|  0%| F|  |TAMS 0x00000000ff400000, 0x00000000ff400000| Untracked 
|  53|0x00000000ff500000, 0x00000000ff500000, 0x00000000ff600000|  0%| F|  |TAMS 0x00000000ff500000, 0x00000000ff500000| Untracked 
|  54|0x00000000ff600000, 0x00000000ff600000, 0x00000000ff700000|  0%| F|  |TAMS 0x00000000ff600000, 0x00000000ff600000| Untracked 
|  55|0x00000000ff700000, 0x00000000ff700000, 0x00000000ff800000|  0%| F|  |TAMS 0x00000000ff700000, 0x00000000ff700000| Untracked 
|  56|0x00000000ff800000, 0x00000000ff800000, 0x00000000ff900000|  0%| F|  |TAMS 0x00000000ff800000, 0x00000000ff800000| Untracked 
|  57|0x00000000ff900000, 0x00000000ff900000, 0x00000000ffa00000|  0%| F|  |TAMS 0x00000000ff900000, 0x00000000ff900000| Untracked 
|  58|0x00000000ffa00000, 0x00000000ffa00000, 0x00000000ffb00000|  0%| F|  |TAMS 0x00000000ffa00000, 0x00000000ffa00000| Untracked 
|  59|0x00000000ffb00000, 0x00000000ffb00000, 0x00000000ffc00000|  0%| F|  |TAMS 0x00000000ffb00000, 0x00000000ffb00000| Untracked 
|  60|0x00000000ffc00000, 0x00000000ffc00000, 0x00000000ffd00000|  0%| F|  |TAMS 0x00000000ffc00000, 0x00000000ffc00000| Untracked 
|  61|0x00000000ffd00000, 0x00000000ffd00000, 0x00000000ffe00000|  0%| F|  |TAMS 0x00000000ffd00000, 0x00000000ffd00000| Untracked 
|  62|0x00000000ffe00000, 0x00000000ffe26ef8, 0x00000000fff00000| 15%| E|  |TAMS 0x00000000ffe00000, 0x00000000ffe00000| Complete 
|  63|0x00000000fff00000, 0x0000000100000000, 0x0000000100000000|100%| E|CS|TAMS 0x00000000fff00000, 0x00000000fff00000| Complete 

Card table byte_map: [0x000002c5ffce0000,0x000002c5ffd00000] _byte_map_base: 0x000002c5ff500000

Marking Bits (Prev, Next): (CMBitMap*) 0x000002c5e7418798, (CMBitMap*) 0x000002c5e74187d0
 Prev Bits: [0x000002c5ffd20000, 0x000002c5ffe20000)
 Next Bits: [0x000002c5ffe20000, 0x000002c5fff20000)

Polling page: 0x000002c5e74b0000

Metaspace:

Usage:
  Non-class:     14.84 MB capacity,    14.63 MB ( 99%) used,   193.13 KB (  1%) free+waste,    25.06 KB ( <1%) overhead. 
      Class:      2.02 MB capacity,     1.87 MB ( 93%) used,   138.26 KB (  7%) free+waste,    12.88 KB ( <1%) overhead. 
       Both:     16.86 MB capacity,    16.50 MB ( 98%) used,   331.38 KB (  2%) free+waste,    37.94 KB ( <1%) overhead. 

Virtual space:
  Non-class space:       16.00 MB reserved,      15.00 MB ( 94%) committed 
      Class space:        1.00 GB reserved,       2.13 MB ( <1%) committed 
             Both:        1.02 GB reserved,      17.13 MB (  2%) committed 

Chunk freelists:
   Non-Class:  4.00 KB
       Class:  2.00 KB
        Both:  6.00 KB

CodeHeap 'non-profiled nmethods': size=120000Kb used=629Kb max_used=629Kb free=119370Kb
 bounds [0x000002c5f7d30000, 0x000002c5f7fa0000, 0x000002c5ff260000]
CodeHeap 'profiled nmethods': size=120000Kb used=3607Kb max_used=3607Kb free=116392Kb
 bounds [0x000002c5f0800000, 0x000002c5f0b90000, 0x000002c5f7d30000]
CodeHeap 'non-nmethods': size=5760Kb used=1112Kb max_used=1127Kb free=4647Kb
 bounds [0x000002c5f0260000, 0x000002c5f04d0000, 0x000002c5f0800000]
 total_blobs=2235 nmethods=1797 adapters=350
 compilation: enabled
              stopped_count=0, restarted_count=0
 full_count=0

Compilation events (10 events):
Event: 64.267 Thread 0x000002c583394800 1794 % !   4       java.io.BufferedReader::readLine @ 131 (304 bytes)
Event: 64.267 Thread 0x000002c583396000 1795       3       java.util.LinkedList::checkPositionIndex (22 bytes)
Event: 64.268 Thread 0x000002c583396000 nmethod 1795 0x000002c5f0b84110 code [0x000002c5f0b84360, 0x000002c5f0b84a88]
Event: 64.268 Thread 0x000002c583396000 1796       3       java.util.LinkedList::isPositionIndex (18 bytes)
Event: 64.268 Thread 0x000002c583396000 nmethod 1796 0x000002c5f0b84d90 code [0x000002c5f0b84f20, 0x000002c5f0b850b8]
Event: 64.268 Thread 0x000002c583396000 1797       3       java.lang.ref.ReferenceQueue::reallyPoll (65 bytes)
Event: 64.268 Thread 0x000002c583396000 nmethod 1797 0x000002c5f0b85190 code [0x000002c5f0b85360, 0x000002c5f0b85858]
Event: 64.269 Thread 0x000002c583396000 1800       3       jdk.internal.org.objectweb.asm.ClassWriter::visitMethod (20 bytes)
Event: 64.269 Thread 0x000002c583396000 nmethod 1800 0x000002c5f0b85990 code [0x000002c5f0b85b40, 0x000002c5f0b85d28]
Event: 64.269 Thread 0x000002c583396000 1802       3       jdk.internal.org.objectweb.asm.MethodWriter::visitMaxs (1144 bytes)

GC Heap History (4 events):
Event: 0.707 GC heap before
{Heap before GC invocations=0 (full 0):
 garbage-first heap   total 65536K, used 29696K [0x00000000fc000000, 0x0000000100000000)
  region size 1024K, 24 young (24576K), 0 survivors (0K)
 Metaspace       used 10590K, capacity 10839K, committed 11008K, reserved 1058816K
  class space    used 1110K, capacity 1210K, committed 1280K, reserved 1048576K
}
Event: 0.715 GC heap after
{Heap after GC invocations=1 (full 0):
 garbage-first heap   total 65536K, used 9301K [0x00000000fc000000, 0x0000000100000000)
  region size 1024K, 3 young (3072K), 3 survivors (3072K)
 Metaspace       used 10590K, capacity 10839K, committed 11008K, reserved 1058816K
  class space    used 1110K, capacity 1210K, committed 1280K, reserved 1048576K
}
Event: 54.777 GC heap before
{Heap before GC invocations=1 (full 0):
 garbage-first heap   total 65536K, used 34901K [0x00000000fc000000, 0x0000000100000000)
  region size 1024K, 28 young (28672K), 3 survivors (3072K)
 Metaspace       used 16815K, capacity 17125K, committed 17280K, reserved 1064960K
  class space    used 1909K, capacity 2060K, committed 2176K, reserved 1048576K
}
Event: 54.829 GC heap after
{Heap after GC invocations=2 (full 0):
 garbage-first heap   total 65536K, used 10515K [0x00000000fc000000, 0x0000000100000000)
  region size 1024K, 2 young (2048K), 2 survivors (2048K)
 Metaspace       used 16815K, capacity 17125K, committed 17280K, reserved 1064960K
  class space    used 1909K, capacity 2060K, committed 2176K, reserved 1048576K
}

Deoptimization events (10 events):
Event: 5.000 Thread 0x000002c5e72de800 Uncommon trap: reason=bimorphic_or_optimized_type_check action=maybe_recompile pc=0x000002c5f7d663a4 method=java.util.HashMap.getNode(ILjava/lang/Object;)Ljava/util/HashMap$Node; @ 126 c2
Event: 5.024 Thread 0x000002c5e72de800 Uncommon trap: reason=bimorphic_or_optimized_type_check action=maybe_recompile pc=0x000002c5f7d663a4 method=java.util.HashMap.getNode(ILjava/lang/Object;)Ljava/util/HashMap$Node; @ 126 c2
Event: 5.358 Thread 0x000002c584b58000 Uncommon trap: reason=unstable_if action=reinterpret pc=0x000002c5f7d6723c method=java.lang.AbstractStringBuilder.putStringAt(ILjava/lang/String;)V @ 8 c2
Event: 5.358 Thread 0x000002c584b58000 Uncommon trap: reason=unstable_if action=reinterpret pc=0x000002c5f7d67d14 method=java.lang.AbstractStringBuilder.putStringAt(ILjava/lang/String;)V @ 8 c2
Event: 5.358 Thread 0x000002c584b58000 Uncommon trap: reason=unstable_if action=reinterpret pc=0x000002c5f7d6b258 method=java.lang.AbstractStringBuilder.isLatin1()Z @ 10 c2
Event: 5.358 Thread 0x000002c584b58000 Uncommon trap: reason=unstable_if action=reinterpret pc=0x000002c5f7d687ec method=java.lang.String.getBytes([BIB)V @ 5 c2
Event: 5.358 Thread 0x000002c584b58000 Uncommon trap: reason=unstable_if action=reinterpret pc=0x000002c5f7d8dea0 method=java.lang.AbstractStringBuilder.isLatin1()Z @ 10 c2
Event: 5.501 Thread 0x000002c584b58000 Uncommon trap: reason=unstable_if action=reinterpret pc=0x000002c5f7d3c2fc method=java.lang.String.codePointAt(I)I @ 4 c2
Event: 8.837 Thread 0x000002c583efc800 Uncommon trap: reason=class_check action=maybe_recompile pc=0x000002c5f7d93234 method=java.util.concurrent.ConcurrentHashMap.putVal(Ljava/lang/Object;Ljava/lang/Object;Z)Ljava/lang/Object; @ 242 c2
Event: 55.762 Thread 0x000002c5e72de800 Uncommon trap: reason=unstable_if action=reinterpret pc=0x000002c5f7dc9d5c method=com.esotericsoftware.kryo.io.Input.require(I)I @ 65 c2

Classes redefined (0 events):
No events

Internal exceptions (10 events):
Event: 0.895 Thread 0x000002c5e72de800 Exception <a 'java/lang/NoSuchMethodError'{0x00000000ff7ea3e0}: java.lang.invoke.DirectMethodHandle$Holder.invokeStaticInit(Ljava/lang/Object;Ljava/lang/Object;Ljava/lang/Object;)Ljava/lang/Object;> (0x00000000ff7ea3e0) thrown at [./open/src/hotspot/share
Event: 0.981 Thread 0x000002c5e72de800 Exception <a 'java/lang/NoSuchMethodError'{0x00000000ff1218d8}: java.lang.invoke.DirectMethodHandle$Holder.invokeStaticInit(Ljava/lang/Object;IIII)Ljava/lang/Object;> (0x00000000ff1218d8) thrown at [./open/src/hotspot/share/interpreter/linkResolver.cpp, l
Event: 1.714 Thread 0x000002c5e72de800 Exception <a 'java/lang/NoSuchMethodError'{0x00000000ff1b2580}: java.lang.invoke.DirectMethodHandle$Holder.invokeStaticInit(Ljava/lang/Object;Ljava/lang/Object;IIII)Ljava/lang/Object;> (0x00000000ff1b2580) thrown at [./open/src/hotspot/share/interpreter/l
Event: 5.345 Thread 0x000002c584b58000 Exception <a 'java/lang/NoSuchMethodError'{0x00000000fea1cee0}: java.lang.invoke.DirectMethodHandle$Holder.invokeStatic(Ljava/lang/Object;J)V> (0x00000000fea1cee0) thrown at [./open/src/hotspot/share/interpreter/linkResolver.cpp, line 772]
Event: 5.346 Thread 0x000002c584b58000 Exception <a 'java/lang/NoSuchMethodError'{0x00000000fea220e8}: java.lang.invoke.DirectMethodHandle$Holder.invokeStatic(Ljava/lang/Object;J)Ljava/lang/Object;> (0x00000000fea220e8) thrown at [./open/src/hotspot/share/interpreter/linkResolver.cpp, line 772
Event: 5.348 Thread 0x000002c584b58000 Exception <a 'java/lang/NoSuchMethodError'{0x00000000fea30180}: java.lang.invoke.DirectMethodHandle$Holder.invokeStaticInit(Ljava/lang/Object;Ljava/lang/Object;JLjava/lang/Object;)Ljava/lang/Object;> (0x00000000fea30180) thrown at [./open/src/hotspot/shar
Event: 5.349 Thread 0x000002c584b58000 Exception <a 'java/lang/NoSuchMethodError'{0x00000000fea360a0}: java.lang.invoke.DirectMethodHandle$Holder.invokeStatic(Ljava/lang/Object;Ljava/lang/Object;J)Ljava/lang/Object;> (0x00000000fea360a0) thrown at [./open/src/hotspot/share/interpreter/linkReso
Event: 5.349 Thread 0x000002c584b58000 Exception <a 'java/lang/NoSuchMethodError'{0x00000000fea3c370}: java.lang.invoke.Invokers$Holder.linkToTargetMethod(Ljava/lang/Object;JLjava/lang/Object;)Ljava/lang/Object;> (0x00000000fea3c370) thrown at [./open/src/hotspot/share/interpreter/linkResolver
Event: 64.259 Thread 0x000002c5e72de800 Exception <a 'java/io/IOException'{0x00000000fff56a48}> (0x00000000fff56a48) thrown at [./open/src/hotspot/share/prims/jni.cpp, line 611]
Event: 64.268 Thread 0x000002c5e72de800 Exception <a 'java/lang/NoSuchMethodError'{0x00000000fff888c0}: java.lang.invoke.DirectMethodHandle$Holder.invokeVirtual(Ljava/lang/Object;Ljava/lang/Object;)I> (0x00000000fff888c0) thrown at [./open/src/hotspot/share/interpreter/linkResolver.cpp, line 77

Events (10 events):
Event: 55.762 Thread 0x000002c5e72de800 DEOPT PACKING pc=0x000002c5f7dc9d5c sp=0x000000f64aefce80
Event: 55.762 Thread 0x000002c5e72de800 DEOPT UNPACKING pc=0x000002c5f028662f sp=0x000000f64aefce30 mode 2
Event: 64.260 loading class org/slf4j/helpers/MessageFormatter
Event: 64.260 loading class org/slf4j/helpers/MessageFormatter done
Event: 64.261 loading class org/slf4j/helpers/FormattingTuple
Event: 64.261 loading class org/slf4j/helpers/FormattingTuple done
Event: 64.262 loading class org/gradle/util/internal/LimitedDescription
Event: 64.262 loading class org/gradle/util/internal/LimitedDescription done
Event: 64.269 loading class org/gradle/internal/logging/ConsoleRenderer
Event: 64.269 loading class org/gradle/internal/logging/ConsoleRenderer done


Dynamic libraries:
0x00007ff7ca090000 - 0x00007ff7ca09f000 	C:\Program Files\Java\jdk-11.0.16\bin\java.exe
0x00007fff71bf0000 - 0x00007fff71e04000 	C:\WINDOWS\SYSTEM32\ntdll.dll
0x00007fff70980000 - 0x00007fff70a42000 	C:\WINDOWS\System32\KERNEL32.DLL
0x00007fff6f350000 - 0x00007fff6f6ed000 	C:\WINDOWS\System32\KERNELBASE.dll
0x00007fff6f230000 - 0x00007fff6f341000 	C:\WINDOWS\System32\ucrtbase.dll
0x00007fff67440000 - 0x00007fff67458000 	C:\Program Files\Java\jdk-11.0.16\bin\jli.dll
0x00007fff71760000 - 0x00007fff7180e000 	C:\WINDOWS\System32\ADVAPI32.dll
0x00007fff718d0000 - 0x00007fff71977000 	C:\WINDOWS\System32\msvcrt.dll
0x00007fff71aa0000 - 0x00007fff71b44000 	C:\WINDOWS\System32\sechost.dll
0x00007fff71980000 - 0x00007fff71a95000 	C:\WINDOWS\System32\RPCRT4.dll
0x00007fff6fae0000 - 0x00007fff6fc8d000 	C:\WINDOWS\System32\USER32.dll
0x00007fff6f9c0000 - 0x00007fff6f9e6000 	C:\WINDOWS\System32\win32u.dll
0x00007fff6fab0000 - 0x00007fff6fad9000 	C:\WINDOWS\System32\GDI32.dll
0x00007fff6f110000 - 0x00007fff6f222000 	C:\WINDOWS\System32\gdi32full.dll
0x00007fff6f7b0000 - 0x00007fff6f84a000 	C:\WINDOWS\System32\msvcp_win.dll
0x00007fff5b6e0000 - 0x00007fff5b6f5000 	C:\Program Files\Java\jdk-11.0.16\bin\VCRUNTIME140.dll
0x00007fff431d0000 - 0x00007fff4345e000 	C:\WINDOWS\WinSxS\amd64_microsoft.windows.common-controls_6595b64144ccf1df_6.0.22621.436_none_a94247dbc10d8414\COMCTL32.dll
0x00007fff6a240000 - 0x00007fff6a24a000 	C:\WINDOWS\SYSTEM32\VERSION.dll
0x00007fff6fa70000 - 0x00007fff6faa2000 	C:\WINDOWS\System32\IMM32.DLL
0x00007fff6e1a0000 - 0x00007fff6e1d4000 	C:\WINDOWS\SYSTEM32\ntmarta.dll
0x00007fff6e3d0000 - 0x00007fff6e412000 	C:\WINDOWS\SYSTEM32\SspiCli.dll
0x00007fff4cdc0000 - 0x00007fff4ce5b000 	C:\Program Files\Java\jdk-11.0.16\bin\msvcp140.dll
0x00007fff0f4a0000 - 0x00007fff0ffb8000 	C:\Program Files\Java\jdk-11.0.16\bin\server\jvm.dll
0x00007fff71ba0000 - 0x00007fff71ba8000 	C:\WINDOWS\System32\PSAPI.DLL
0x00007fff479e0000 - 0x00007fff479e9000 	C:\WINDOWS\SYSTEM32\WSOCK32.dll
0x00007fff6f9f0000 - 0x00007fff6fa61000 	C:\WINDOWS\System32\WS2_32.dll
0x00007fff59af0000 - 0x00007fff59b24000 	C:\WINDOWS\SYSTEM32\WINMM.dll
0x00007fff6e180000 - 0x00007fff6e198000 	C:\WINDOWS\SYSTEM32\kernel.appcore.dll
0x00007fff66f70000 - 0x00007fff66f80000 	C:\Program Files\Java\jdk-11.0.16\bin\verify.dll
0x00007fff690b0000 - 0x00007fff692de000 	C:\WINDOWS\SYSTEM32\DBGHELP.DLL
0x00007fff713b0000 - 0x00007fff7173a000 	C:\WINDOWS\System32\combase.dll
0x00007fff70130000 - 0x00007fff70207000 	C:\WINDOWS\System32\OLEAUT32.dll
0x00007fff69030000 - 0x00007fff69062000 	C:\WINDOWS\SYSTEM32\dbgcore.DLL
0x00007fff6f090000 - 0x00007fff6f10b000 	C:\WINDOWS\System32\bcryptPrimitives.dll
0x00007fff57360000 - 0x00007fff57388000 	C:\Program Files\Java\jdk-11.0.16\bin\java.dll
0x00007fff5b6d0000 - 0x00007fff5b6da000 	C:\Program Files\Java\jdk-11.0.16\bin\jimage.dll
0x00007fff58650000 - 0x00007fff58666000 	C:\Program Files\Java\jdk-11.0.16\bin\zip.dll
0x00007fff70ad0000 - 0x00007fff712b0000 	C:\WINDOWS\System32\SHELL32.dll
0x00007fff6d070000 - 0x00007fff6d937000 	C:\WINDOWS\SYSTEM32\windows.storage.dll
0x00007fff6cf30000 - 0x00007fff6d06e000 	C:\WINDOWS\SYSTEM32\wintypes.dll
0x00007fff6ff30000 - 0x00007fff70021000 	C:\WINDOWS\System32\SHCORE.dll
0x00007fff6feb0000 - 0x00007fff6ff0e000 	C:\WINDOWS\System32\shlwapi.dll
0x00007fff6ef50000 - 0x00007fff6ef71000 	C:\WINDOWS\SYSTEM32\profapi.dll
0x00007fff57a80000 - 0x00007fff57a99000 	C:\Program Files\Java\jdk-11.0.16\bin\net.dll
0x00007fff69fa0000 - 0x00007fff6a0cf000 	C:\WINDOWS\SYSTEM32\WINHTTP.dll
0x00007fff6e5e0000 - 0x00007fff6e649000 	C:\WINDOWS\system32\mswsock.dll
0x00007fff4d910000 - 0x00007fff4d922000 	C:\Program Files\Java\jdk-11.0.16\bin\nio.dll
0x00007fff574c0000 - 0x00007fff574e7000 	C:\Users\Gayan\.gradle\native\e1d6ef7f7dcc3fd88c89a11ec53ec762bb8ba0a96d01ffa2cd45eb1d1d8dd5c5\windows-amd64\native-platform.dll
0x00007fff574b0000 - 0x00007fff574ba000 	C:\Users\Gayan\.gradle\native\jansi\1.18\windows64\jansi.dll
0x00007fff57400000 - 0x00007fff57409000 	C:\Program Files\Java\jdk-11.0.16\bin\management.dll
0x00007fff57350000 - 0x00007fff5735b000 	C:\Program Files\Java\jdk-11.0.16\bin\management_ext.dll
0x00007fff6e820000 - 0x00007fff6e83b000 	C:\WINDOWS\SYSTEM32\CRYPTSP.dll
0x00007fff6e0f0000 - 0x00007fff6e125000 	C:\WINDOWS\system32\rsaenh.dll
0x00007fff6e6d0000 - 0x00007fff6e6f8000 	C:\WINDOWS\SYSTEM32\USERENV.dll
0x00007fff6e9c0000 - 0x00007fff6e9e8000 	C:\WINDOWS\SYSTEM32\bcrypt.dll
0x00007fff6e840000 - 0x00007fff6e84c000 	C:\WINDOWS\SYSTEM32\CRYPTBASE.dll
0x00007fff6dc40000 - 0x00007fff6dc6d000 	C:\WINDOWS\SYSTEM32\IPHLPAPI.DLL
0x00007fff70a60000 - 0x00007fff70a69000 	C:\WINDOWS\System32\NSI.dll
0x00007fff69eb0000 - 0x00007fff69ec9000 	C:\WINDOWS\SYSTEM32\dhcpcsvc6.DLL
0x00007fff69e90000 - 0x00007fff69eaf000 	C:\WINDOWS\SYSTEM32\dhcpcsvc.DLL
0x00007fff6dcc0000 - 0x00007fff6ddb2000 	C:\WINDOWS\SYSTEM32\DNSAPI.dll

dbghelp: loaded successfully - version: 4.0.5 - missing functions: none
symbol engine: initialized successfully - sym options: 0x614 - pdb path: .;C:\Program Files\Java\jdk-11.0.16\bin;C:\WINDOWS\SYSTEM32;C:\WINDOWS\WinSxS\amd64_microsoft.windows.common-controls_6595b64144ccf1df_6.0.22621.436_none_a94247dbc10d8414;C:\Program Files\Java\jdk-11.0.16\bin\server;C:\Users\Gayan\.gradle\native\e1d6ef7f7dcc3fd88c89a11ec53ec762bb8ba0a96d01ffa2cd45eb1d1d8dd5c5\windows-amd64;C:\Users\Gayan\.gradle\native\jansi\1.18\windows64

VM Arguments:
jvm_args: -Xmx64m -Xms64m -Dorg.gradle.appname=gradlew 
java_command: org.gradle.wrapper.GradleWrapperMain app:installDebug -PreactNativeDevServerPort=8081
java_class_path (initial): C:\Users\Gayan\Desktop\reeer\cheat\android\\gradle\wrapper\gradle-wrapper.jar
Launcher Type: SUN_STANDARD

[Global flags]
     intx CICompilerCount                          = 4                                         {product} {ergonomic}
     uint ConcGCThreads                            = 2                                         {product} {ergonomic}
     uint G1ConcRefinementThreads                  = 8                                         {product} {ergonomic}
   size_t G1HeapRegionSize                         = 1048576                                   {product} {ergonomic}
    uintx GCDrainStackTargetSize                   = 64                                        {product} {ergonomic}
   size_t InitialHeapSize                          = 67108864                                  {product} {command line}
   size_t MarkStackSize                            = 4194304                                   {product} {ergonomic}
   size_t MaxHeapSize                              = 67108864                                  {product} {command line}
   size_t MaxNewSize                               = 39845888                                  {product} {ergonomic}
   size_t MinHeapDeltaBytes                        = 1048576                                   {product} {ergonomic}
    uintx NonNMethodCodeHeapSize                   = 5836300                                {pd product} {ergonomic}
    uintx NonProfiledCodeHeapSize                  = 122910970                              {pd product} {ergonomic}
    uintx ProfiledCodeHeapSize                     = 122910970                              {pd product} {ergonomic}
    uintx ReservedCodeCacheSize                    = 251658240                              {pd product} {ergonomic}
     bool SegmentedCodeCache                       = true                                      {product} {ergonomic}
     bool UseCompressedClassPointers               = true                                 {lp64_product} {ergonomic}
     bool UseCompressedOops                        = true                                 {lp64_product} {ergonomic}
     bool UseG1GC                                  = true                                      {product} {ergonomic}
     bool UseLargePagesIndividualAllocation        = false                                  {pd product} {ergonomic}

Logging:
Log output configuration:
 #0: stdout all=warning uptime,level,tags
 #1: stderr all=off uptime,level,tags

Environment Variables:
CLASSPATH=C:\Users\Gayan\Desktop\reeer\cheat\android\\gradle\wrapper\gradle-wrapper.jar
PATH=C:\Users\Gayan\Desktop\reeer\cheat\android\node_modules\.bin;C:\Users\Gayan\Desktop\reeer\cheat\node_modules\.bin;C:\Users\Gayan\Desktop\reeer\node_modules\.bin;C:\Users\Gayan\Desktop\node_modules\.bin;C:\Users\Gayan\node_modules\.bin;C:\Users\node_modules\.bin;C:\node_modules\.bin;C:\Program Files\nodejs;C:\Program Files\nodejs\node_modules\npm\node_modules\npm-lifecycle\node-gyp-bin;C:\Users\Gayan\Desktop\reeer\cheat\node_modules\.bin;D:\app\Gayan\Oracle_11\product\11.2.0\dbhome_1\bin;C:\Program Files\Common Files\Oracle\Java\javapath;C:\Program Files (x86)\Common Files\Oracle\Java\javapath;C:\Program Files\Microsoft MPI\Bin\;C:\Windows\system32;C:\Windows;C:\Windows\System32\Wbem;C:\Windows\System32\WindowsPowerShell\v1.0\;C:\Windows\System32\OpenSSH\;C:\Program Files\Intel\WiFi\bin\;C:\Program Files\Common Files\Intel\WirelessCommon\;C:\WINDOWS\system32;C:\WINDOWS;C:\WINDOWS\System32\Wbem;C:\WINDOWS\System32\WindowsPowerShell\v1.0\;C:\WINDOWS\System32\OpenSSH\;C:\Program Files (x86)\Microsoft SQL Server\150\Tools\Binn\;C:\Program Files\Microsoft SQL Server\150\Tools\Binn\;C:\Program Files (x86)\Microsoft SQL Server\150\DTS\Binn\;C:\Program Files\Microsoft SQL Server\150\DTS\Binn\;C:\Program Files\Microsoft SQL Server\Client SDK\ODBC\170\Tools\Binn\;C:\Program Files\Microsoft SQL Server\130\Tools\Binn\;C:\Program Files\dotnet\;C:\Program Files\Java\jdk1.8.0_281\bin;C:\Program Files\Apache Software Foundation\apache-maven-3.8.1\bin;C:\Program Files\nodejs;C:\Program Files\Git\cmd;C:\Program Files\NVIDIA Corporation\NVIDIA NvDLISR;C:\Program Files (x86)\NVIDIA Corporation\PhysX\Common;C:\Program Files\MongoDB\Server\5.0\bin;C:\Program Files\WSO2\Enterprise Integrator\6.6.0\bin\..\bin;C:\Program Files\Java\jdk-11.0.16\bin;C:\WINDOWS\system32;C:\WINDOWS;C:\WINDOWS\System32\Wbem;C:\WINDOWS\System32\WindowsPowerShell\v1.0\;C:\WINDOWS\System32\OpenSSH\;C:\Program Files\nodejs\;C:\sonarrrr\sonar-scanner-4.1.0.1829\bin;C:\Program Files\MySQL\MySQL Shell 8.0\bin\;C:\User
USERNAME=Gayan
OS=Windows_NT
PROCESSOR_IDENTIFIER=Intel64 Family 6 Model 158 Stepping 13, GenuineIntel



---------------  S Y S T E M  ---------------

OS: Windows 11 , 64 bit Build 22621 (10.0.22621.885)

CPU:total 8 (initial active 8) (4 cores per cpu, 2 threads per core) family 6 model 158 stepping 13 microcode 0xde, cmov, cx8, fxsr, mmx, sse, sse2, sse3, ssse3, sse4.1, sse4.2, popcnt, avx, avx2, aes, clmul, erms, 3dnowpref, lzcnt, ht, tsc, tscinvbit, bmi1, bmi2, adx, fma

Memory: 4k page, system-wide physical 16231M (403M free)
TotalPageFile size 32231M (AvailPageFile size 0M)
current process WorkingSet (physical memory assigned to process): 97M, peak: 102M
current process commit charge ("private bytes"): 162M, peak: 171M

vm_info: Java HotSpot(TM) 64-Bit Server VM (11.0.16+11-LTS-199) for windows-amd64 JRE (11.0.16+11-LTS-199), built on Jun 28 2022 08:23:17 by "mach5one" with MS VC++ 15.9 (VS2017)

END.
